running develop
/usr/lib/python3/dist-packages/setuptools/command/easy_install.py:158: EasyInstallDeprecationWarning: easy_install command is deprecated. Use build and pip and other standards-based tools.
  warnings.warn(
/usr/lib/python3/dist-packages/setuptools/command/install.py:34: SetuptoolsDeprecationWarning: setup.py install is deprecated. Use build and pip and other standards-based tools.
  warnings.warn(
/usr/lib/python3/dist-packages/pkg_resources/__init__.py:116: PkgResourcesDeprecationWarning: 0.1.43ubuntu1 is an invalid version and will not be supported in a future release
  warnings.warn(
/usr/lib/python3/dist-packages/pkg_resources/__init__.py:116: PkgResourcesDeprecationWarning: 1.1build1 is an invalid version and will not be supported in a future release
  warnings.warn(
running egg_info
writing drozd_s5646665_assignment2.egg-info/PKG-INFO
writing dependency_links to drozd_s5646665_assignment2.egg-info/dependency_links.txt
writing entry points to drozd_s5646665_assignment2.egg-info/entry_points.txt
writing requirements to drozd_s5646665_assignment2.egg-info/requires.txt
writing top-level names to drozd_s5646665_assignment2.egg-info/top_level.txt
reading manifest file 'drozd_s5646665_assignment2.egg-info/SOURCES.txt'
writing manifest file 'drozd_s5646665_assignment2.egg-info/SOURCES.txt'
running build_ext
Creating /home/drozdja/Desktop/sofar2/sofar-crane-simulator-main/install/drozd_s5646665_assignment2/lib/python3.10/site-packages/drozd-s5646665-assignment2.egg-link (link to .)
Installing crane_sim_node script to /home/drozdja/Desktop/sofar2/sofar-crane-simulator-main/install/drozd_s5646665_assignment2/lib/drozd_s5646665_assignment2
Installing motor_x_node script to /home/drozdja/Desktop/sofar2/sofar-crane-simulator-main/install/drozd_s5646665_assignment2/lib/drozd_s5646665_assignment2
Installing motor_y_node script to /home/drozdja/Desktop/sofar2/sofar-crane-simulator-main/install/drozd_s5646665_assignment2/lib/drozd_s5646665_assignment2
Installing robot_logic_node script to /home/drozdja/Desktop/sofar2/sofar-crane-simulator-main/install/drozd_s5646665_assignment2/lib/drozd_s5646665_assignment2

Installed /home/drozdja/Desktop/sofar2/sofar-crane-simulator-main/build/drozd_s5646665_assignment2
running install_data
error: can't copy 'resource/drozd_s5646665_assignment2': doesn't exist or not a regular file
