[0.756s] Invoking command in '/home/drozdja/Desktop/sofar2/sofar-crane-simulator-main/build/drozd_s5646665_assignment2': PYTHONPATH=/home/drozdja/Desktop/sofar2/sofar-crane-simulator-main/build/drozd_s5646665_assignment2/prefix_override:/home/drozdja/Desktop/sofar2/sofar-crane-simulator-main/install/drozd_s5646665_assignment2/lib/python3.10/site-packages:${PYTHONPATH} /usr/bin/python3 setup.py develop --editable --build-directory /home/drozdja/Desktop/sofar2/sofar-crane-simulator-main/build/drozd_s5646665_assignment2/build --no-deps install_data
[1.076s] running develop
[1.076s] /usr/lib/python3/dist-packages/setuptools/command/easy_install.py:158: EasyInstallDeprecationWarning: easy_install command is deprecated. Use build and pip and other standards-based tools.
[1.077s]   warnings.warn(
[1.078s] /usr/lib/python3/dist-packages/setuptools/command/install.py:34: SetuptoolsDeprecationWarning: setup.py install is deprecated. Use build and pip and other standards-based tools.
[1.079s]   warnings.warn(
[1.148s] /usr/lib/python3/dist-packages/pkg_resources/__init__.py:116: PkgResourcesDeprecationWarning: 0.1.43ubuntu1 is an invalid version and will not be supported in a future release
[1.149s]   warnings.warn(
[1.149s] /usr/lib/python3/dist-packages/pkg_resources/__init__.py:116: PkgResourcesDeprecationWarning: 1.1build1 is an invalid version and will not be supported in a future release
[1.149s]   warnings.warn(
[1.280s] running egg_info
[1.280s] writing drozd_s5646665_assignment2.egg-info/PKG-INFO
[1.281s] writing dependency_links to drozd_s5646665_assignment2.egg-info/dependency_links.txt
[1.281s] writing entry points to drozd_s5646665_assignment2.egg-info/entry_points.txt
[1.281s] writing requirements to drozd_s5646665_assignment2.egg-info/requires.txt
[1.281s] writing top-level names to drozd_s5646665_assignment2.egg-info/top_level.txt
[1.284s] reading manifest file 'drozd_s5646665_assignment2.egg-info/SOURCES.txt'
[1.287s] writing manifest file 'drozd_s5646665_assignment2.egg-info/SOURCES.txt'
[1.289s] running build_ext
[1.289s] Creating /home/drozdja/Desktop/sofar2/sofar-crane-simulator-main/install/drozd_s5646665_assignment2/lib/python3.10/site-packages/drozd-s5646665-assignment2.egg-link (link to .)
[1.290s] Installing crane_sim_node script to /home/drozdja/Desktop/sofar2/sofar-crane-simulator-main/install/drozd_s5646665_assignment2/lib/drozd_s5646665_assignment2
[1.291s] Installing motor_x_node script to /home/drozdja/Desktop/sofar2/sofar-crane-simulator-main/install/drozd_s5646665_assignment2/lib/drozd_s5646665_assignment2
[1.291s] Installing motor_y_node script to /home/drozdja/Desktop/sofar2/sofar-crane-simulator-main/install/drozd_s5646665_assignment2/lib/drozd_s5646665_assignment2
[1.291s] Installing robot_logic_node script to /home/drozdja/Desktop/sofar2/sofar-crane-simulator-main/install/drozd_s5646665_assignment2/lib/drozd_s5646665_assignment2
[1.291s] 
[1.291s] Installed /home/drozdja/Desktop/sofar2/sofar-crane-simulator-main/build/drozd_s5646665_assignment2
[1.292s] running install_data
[1.292s] error: can't copy 'resource/drozd_s5646665_assignment2': doesn't exist or not a regular file
[1.325s] Invoked command in '/home/drozdja/Desktop/sofar2/sofar-crane-simulator-main/build/drozd_s5646665_assignment2' returned '1': PYTHONPATH=/home/drozdja/Desktop/sofar2/sofar-crane-simulator-main/build/drozd_s5646665_assignment2/prefix_override:/home/drozdja/Desktop/sofar2/sofar-crane-simulator-main/install/drozd_s5646665_assignment2/lib/python3.10/site-packages:${PYTHONPATH} /usr/bin/python3 setup.py develop --editable --build-directory /home/drozdja/Desktop/sofar2/sofar-crane-simulator-main/build/drozd_s5646665_assignment2/build --no-deps install_data
