[0.801s] Invoking command in '/home/drozdja/Desktop/sofar2/sofar-crane-simulator-main/drozd_s5646665_assignment2': PYTHONPATH=/home/drozdja/Desktop/sofar2/sofar-crane-simulator-main/drozd_s5646665_assignment2/build/drozd_s5646665_assignment2/prefix_override:/home/drozdja/Desktop/sofar2/sofar-crane-simulator-main/drozd_s5646665_assignment2/install/drozd_s5646665_assignment2/lib/python3.10/site-packages:${PYTHONPATH} /usr/bin/python3 setup.py egg_info --egg-base build/drozd_s5646665_assignment2 build --build-base /home/drozdja/Desktop/sofar2/sofar-crane-simulator-main/drozd_s5646665_assignment2/build/drozd_s5646665_assignment2/build install --record /home/drozdja/Desktop/sofar2/sofar-crane-simulator-main/drozd_s5646665_assignment2/build/drozd_s5646665_assignment2/install.log --single-version-externally-managed
[1.091s] running egg_info
[1.092s] creating build/drozd_s5646665_assignment2/drozd_s5646665_assignment2.egg-info
[1.092s] writing build/drozd_s5646665_assignment2/drozd_s5646665_assignment2.egg-info/PKG-INFO
[1.093s] writing dependency_links to build/drozd_s5646665_assignment2/drozd_s5646665_assignment2.egg-info/dependency_links.txt
[1.093s] writing entry points to build/drozd_s5646665_assignment2/drozd_s5646665_assignment2.egg-info/entry_points.txt
[1.093s] writing requirements to build/drozd_s5646665_assignment2/drozd_s5646665_assignment2.egg-info/requires.txt
[1.093s] writing top-level names to build/drozd_s5646665_assignment2/drozd_s5646665_assignment2.egg-info/top_level.txt
[1.094s] writing manifest file 'build/drozd_s5646665_assignment2/drozd_s5646665_assignment2.egg-info/SOURCES.txt'
[1.097s] reading manifest file 'build/drozd_s5646665_assignment2/drozd_s5646665_assignment2.egg-info/SOURCES.txt'
[1.099s] writing manifest file 'build/drozd_s5646665_assignment2/drozd_s5646665_assignment2.egg-info/SOURCES.txt'
[1.099s] running build
[1.100s] running build_py
[1.100s] creating /home/drozdja/Desktop/sofar2/sofar-crane-simulator-main/drozd_s5646665_assignment2/build/drozd_s5646665_assignment2/build
[1.100s] creating /home/drozdja/Desktop/sofar2/sofar-crane-simulator-main/drozd_s5646665_assignment2/build/drozd_s5646665_assignment2/build/lib
[1.100s] creating /home/drozdja/Desktop/sofar2/sofar-crane-simulator-main/drozd_s5646665_assignment2/build/drozd_s5646665_assignment2/build/lib/drozd_s5646665_assignment2
[1.100s] copying drozd_s5646665_assignment2/robot_logic_node.py -> /home/drozdja/Desktop/sofar2/sofar-crane-simulator-main/drozd_s5646665_assignment2/build/drozd_s5646665_assignment2/build/lib/drozd_s5646665_assignment2
[1.101s] copying drozd_s5646665_assignment2/motor_x_node.py -> /home/drozdja/Desktop/sofar2/sofar-crane-simulator-main/drozd_s5646665_assignment2/build/drozd_s5646665_assignment2/build/lib/drozd_s5646665_assignment2
[1.101s] copying drozd_s5646665_assignment2/crane_sim_node.py -> /home/drozdja/Desktop/sofar2/sofar-crane-simulator-main/drozd_s5646665_assignment2/build/drozd_s5646665_assignment2/build/lib/drozd_s5646665_assignment2
[1.101s] copying drozd_s5646665_assignment2/motor_y_node.py -> /home/drozdja/Desktop/sofar2/sofar-crane-simulator-main/drozd_s5646665_assignment2/build/drozd_s5646665_assignment2/build/lib/drozd_s5646665_assignment2
[1.101s] copying drozd_s5646665_assignment2/__init__.py -> /home/drozdja/Desktop/sofar2/sofar-crane-simulator-main/drozd_s5646665_assignment2/build/drozd_s5646665_assignment2/build/lib/drozd_s5646665_assignment2
[1.101s] creating /home/drozdja/Desktop/sofar2/sofar-crane-simulator-main/drozd_s5646665_assignment2/build/drozd_s5646665_assignment2/build/lib/drozd_s5646665_assignment2/lib
[1.101s] copying drozd_s5646665_assignment2/lib/crane_sim.py -> /home/drozdja/Desktop/sofar2/sofar-crane-simulator-main/drozd_s5646665_assignment2/build/drozd_s5646665_assignment2/build/lib/drozd_s5646665_assignment2/lib
[1.101s] copying drozd_s5646665_assignment2/lib/__init__.py -> /home/drozdja/Desktop/sofar2/sofar-crane-simulator-main/drozd_s5646665_assignment2/build/drozd_s5646665_assignment2/build/lib/drozd_s5646665_assignment2/lib
[1.102s] running install
[1.102s] /usr/lib/python3/dist-packages/setuptools/command/install.py:34: SetuptoolsDeprecationWarning: setup.py install is deprecated. Use build and pip and other standards-based tools.
[1.102s]   warnings.warn(
[1.103s] running install_lib
[1.104s] creating /home/drozdja/Desktop/sofar2/sofar-crane-simulator-main/drozd_s5646665_assignment2/install/drozd_s5646665_assignment2/lib/python3.10/site-packages/drozd_s5646665_assignment2
[1.104s] copying /home/drozdja/Desktop/sofar2/sofar-crane-simulator-main/drozd_s5646665_assignment2/build/drozd_s5646665_assignment2/build/lib/drozd_s5646665_assignment2/robot_logic_node.py -> /home/drozdja/Desktop/sofar2/sofar-crane-simulator-main/drozd_s5646665_assignment2/install/drozd_s5646665_assignment2/lib/python3.10/site-packages/drozd_s5646665_assignment2
[1.104s] copying /home/drozdja/Desktop/sofar2/sofar-crane-simulator-main/drozd_s5646665_assignment2/build/drozd_s5646665_assignment2/build/lib/drozd_s5646665_assignment2/motor_x_node.py -> /home/drozdja/Desktop/sofar2/sofar-crane-simulator-main/drozd_s5646665_assignment2/install/drozd_s5646665_assignment2/lib/python3.10/site-packages/drozd_s5646665_assignment2
[1.104s] creating /home/drozdja/Desktop/sofar2/sofar-crane-simulator-main/drozd_s5646665_assignment2/install/drozd_s5646665_assignment2/lib/python3.10/site-packages/drozd_s5646665_assignment2/lib
[1.105s] copying /home/drozdja/Desktop/sofar2/sofar-crane-simulator-main/drozd_s5646665_assignment2/build/drozd_s5646665_assignment2/build/lib/drozd_s5646665_assignment2/lib/crane_sim.py -> /home/drozdja/Desktop/sofar2/sofar-crane-simulator-main/drozd_s5646665_assignment2/install/drozd_s5646665_assignment2/lib/python3.10/site-packages/drozd_s5646665_assignment2/lib
[1.105s] copying /home/drozdja/Desktop/sofar2/sofar-crane-simulator-main/drozd_s5646665_assignment2/build/drozd_s5646665_assignment2/build/lib/drozd_s5646665_assignment2/lib/__init__.py -> /home/drozdja/Desktop/sofar2/sofar-crane-simulator-main/drozd_s5646665_assignment2/install/drozd_s5646665_assignment2/lib/python3.10/site-packages/drozd_s5646665_assignment2/lib
[1.105s] copying /home/drozdja/Desktop/sofar2/sofar-crane-simulator-main/drozd_s5646665_assignment2/build/drozd_s5646665_assignment2/build/lib/drozd_s5646665_assignment2/crane_sim_node.py -> /home/drozdja/Desktop/sofar2/sofar-crane-simulator-main/drozd_s5646665_assignment2/install/drozd_s5646665_assignment2/lib/python3.10/site-packages/drozd_s5646665_assignment2
[1.105s] copying /home/drozdja/Desktop/sofar2/sofar-crane-simulator-main/drozd_s5646665_assignment2/build/drozd_s5646665_assignment2/build/lib/drozd_s5646665_assignment2/motor_y_node.py -> /home/drozdja/Desktop/sofar2/sofar-crane-simulator-main/drozd_s5646665_assignment2/install/drozd_s5646665_assignment2/lib/python3.10/site-packages/drozd_s5646665_assignment2
[1.105s] copying /home/drozdja/Desktop/sofar2/sofar-crane-simulator-main/drozd_s5646665_assignment2/build/drozd_s5646665_assignment2/build/lib/drozd_s5646665_assignment2/__init__.py -> /home/drozdja/Desktop/sofar2/sofar-crane-simulator-main/drozd_s5646665_assignment2/install/drozd_s5646665_assignment2/lib/python3.10/site-packages/drozd_s5646665_assignment2
[1.106s] byte-compiling /home/drozdja/Desktop/sofar2/sofar-crane-simulator-main/drozd_s5646665_assignment2/install/drozd_s5646665_assignment2/lib/python3.10/site-packages/drozd_s5646665_assignment2/robot_logic_node.py to robot_logic_node.cpython-310.pyc
[1.107s] byte-compiling /home/drozdja/Desktop/sofar2/sofar-crane-simulator-main/drozd_s5646665_assignment2/install/drozd_s5646665_assignment2/lib/python3.10/site-packages/drozd_s5646665_assignment2/motor_x_node.py to motor_x_node.cpython-310.pyc
[1.108s] byte-compiling /home/drozdja/Desktop/sofar2/sofar-crane-simulator-main/drozd_s5646665_assignment2/install/drozd_s5646665_assignment2/lib/python3.10/site-packages/drozd_s5646665_assignment2/lib/crane_sim.py to crane_sim.cpython-310.pyc
[1.110s] byte-compiling /home/drozdja/Desktop/sofar2/sofar-crane-simulator-main/drozd_s5646665_assignment2/install/drozd_s5646665_assignment2/lib/python3.10/site-packages/drozd_s5646665_assignment2/lib/__init__.py to __init__.cpython-310.pyc
[1.110s] byte-compiling /home/drozdja/Desktop/sofar2/sofar-crane-simulator-main/drozd_s5646665_assignment2/install/drozd_s5646665_assignment2/lib/python3.10/site-packages/drozd_s5646665_assignment2/crane_sim_node.py to crane_sim_node.cpython-310.pyc
[1.112s] byte-compiling /home/drozdja/Desktop/sofar2/sofar-crane-simulator-main/drozd_s5646665_assignment2/install/drozd_s5646665_assignment2/lib/python3.10/site-packages/drozd_s5646665_assignment2/motor_y_node.py to motor_y_node.cpython-310.pyc
[1.112s] byte-compiling /home/drozdja/Desktop/sofar2/sofar-crane-simulator-main/drozd_s5646665_assignment2/install/drozd_s5646665_assignment2/lib/python3.10/site-packages/drozd_s5646665_assignment2/__init__.py to __init__.cpython-310.pyc
[1.113s] running install_data
[1.114s] creating /home/drozdja/Desktop/sofar2/sofar-crane-simulator-main/drozd_s5646665_assignment2/install/drozd_s5646665_assignment2/share/ament_index
[1.114s] creating /home/drozdja/Desktop/sofar2/sofar-crane-simulator-main/drozd_s5646665_assignment2/install/drozd_s5646665_assignment2/share/ament_index/resource_index
[1.114s] creating /home/drozdja/Desktop/sofar2/sofar-crane-simulator-main/drozd_s5646665_assignment2/install/drozd_s5646665_assignment2/share/ament_index/resource_index/packages
[1.114s] error: can't copy 'resource/drozd_s5646665_assignment2': doesn't exist or not a regular file
[1.139s] Invoked command in '/home/drozdja/Desktop/sofar2/sofar-crane-simulator-main/drozd_s5646665_assignment2' returned '1': PYTHONPATH=/home/drozdja/Desktop/sofar2/sofar-crane-simulator-main/drozd_s5646665_assignment2/build/drozd_s5646665_assignment2/prefix_override:/home/drozdja/Desktop/sofar2/sofar-crane-simulator-main/drozd_s5646665_assignment2/install/drozd_s5646665_assignment2/lib/python3.10/site-packages:${PYTHONPATH} /usr/bin/python3 setup.py egg_info --egg-base build/drozd_s5646665_assignment2 build --build-base /home/drozdja/Desktop/sofar2/sofar-crane-simulator-main/drozd_s5646665_assignment2/build/drozd_s5646665_assignment2/build install --record /home/drozdja/Desktop/sofar2/sofar-crane-simulator-main/drozd_s5646665_assignment2/build/drozd_s5646665_assignment2/install.log --single-version-externally-managed
