[0.633s] Invoking command in '/home/drozdja/Desktop/sofar2/sofar-crane-simulator-main/build/drozd_s5646665_assignment2': PYTHONPATH=/home/drozdja/Desktop/sofar2/sofar-crane-simulator-main/build/drozd_s5646665_assignment2/prefix_override:/home/drozdja/Desktop/sofar2/sofar-crane-simulator-main/install/drozd_s5646665_assignment2/lib/python3.10/site-packages: /usr/bin/python3 setup.py develop --editable --build-directory /home/drozdja/Desktop/sofar2/sofar-crane-simulator-main/build/drozd_s5646665_assignment2/build --no-deps install_data
[0.879s] running develop
[0.880s] /usr/lib/python3/dist-packages/setuptools/command/easy_install.py:158: EasyInstallDeprecationWarning: easy_install command is deprecated. Use build and pip and other standards-based tools.
[0.880s]   warnings.warn(
[0.881s] /usr/lib/python3/dist-packages/setuptools/command/install.py:34: SetuptoolsDeprecationWarning: setup.py install is deprecated. Use build and pip and other standards-based tools.
[0.882s]   warnings.warn(
[0.922s] /usr/lib/python3/dist-packages/pkg_resources/__init__.py:116: PkgResourcesDeprecationWarning: 0.1.43ubuntu1 is an invalid version and will not be supported in a future release
[0.922s]   warnings.warn(
[0.922s] /usr/lib/python3/dist-packages/pkg_resources/__init__.py:116: PkgResourcesDeprecationWarning: 1.1build1 is an invalid version and will not be supported in a future release
[0.922s]   warnings.warn(
[0.994s] running egg_info
[0.994s] writing drozd_s5646665_assignment2.egg-info/PKG-INFO
[0.994s] writing dependency_links to drozd_s5646665_assignment2.egg-info/dependency_links.txt
[0.994s] writing entry points to drozd_s5646665_assignment2.egg-info/entry_points.txt
[0.995s] writing requirements to drozd_s5646665_assignment2.egg-info/requires.txt
[0.995s] writing top-level names to drozd_s5646665_assignment2.egg-info/top_level.txt
[0.997s] reading manifest file 'drozd_s5646665_assignment2.egg-info/SOURCES.txt'
[1.004s] writing manifest file 'drozd_s5646665_assignment2.egg-info/SOURCES.txt'
[1.005s] running build_ext
[1.005s] Creating /home/drozdja/Desktop/sofar2/sofar-crane-simulator-main/install/drozd_s5646665_assignment2/lib/python3.10/site-packages/drozd-s5646665-assignment2.egg-link (link to .)
[1.007s] Installing crane_sim_node script to /home/drozdja/Desktop/sofar2/sofar-crane-simulator-main/install/drozd_s5646665_assignment2/lib/drozd_s5646665_assignment2
[1.007s] Installing motor_x_node script to /home/drozdja/Desktop/sofar2/sofar-crane-simulator-main/install/drozd_s5646665_assignment2/lib/drozd_s5646665_assignment2
[1.007s] Installing motor_y_node script to /home/drozdja/Desktop/sofar2/sofar-crane-simulator-main/install/drozd_s5646665_assignment2/lib/drozd_s5646665_assignment2
[1.008s] Installing robot_logic_node script to /home/drozdja/Desktop/sofar2/sofar-crane-simulator-main/install/drozd_s5646665_assignment2/lib/drozd_s5646665_assignment2
[1.008s] 
[1.008s] Installed /home/drozdja/Desktop/sofar2/sofar-crane-simulator-main/build/drozd_s5646665_assignment2
[1.009s] running install_data
[1.009s] copying resource/drozd_s5646665_assignment2 -> /home/drozdja/Desktop/sofar2/sofar-crane-simulator-main/install/drozd_s5646665_assignment2/share/ament_index/resource_index/packages
[1.009s] copying package.xml -> /home/drozdja/Desktop/sofar2/sofar-crane-simulator-main/install/drozd_s5646665_assignment2/share/drozd_s5646665_assignment2
[1.009s] creating /home/drozdja/Desktop/sofar2/sofar-crane-simulator-main/install/drozd_s5646665_assignment2/share/drozd_s5646665_assignment2/resource
[1.009s] copying resource/beam_vertical.png -> /home/drozdja/Desktop/sofar2/sofar-crane-simulator-main/install/drozd_s5646665_assignment2/share/drozd_s5646665_assignment2/resource
[1.010s] copying resource/chain.png -> /home/drozdja/Desktop/sofar2/sofar-crane-simulator-main/install/drozd_s5646665_assignment2/share/drozd_s5646665_assignment2/resource
[1.010s] copying resource/beam_top_right.png -> /home/drozdja/Desktop/sofar2/sofar-crane-simulator-main/install/drozd_s5646665_assignment2/share/drozd_s5646665_assignment2/resource
[1.010s] copying resource/beam_horizontal.png -> /home/drozdja/Desktop/sofar2/sofar-crane-simulator-main/install/drozd_s5646665_assignment2/share/drozd_s5646665_assignment2/resource
[1.010s] copying resource/hook.png -> /home/drozdja/Desktop/sofar2/sofar-crane-simulator-main/install/drozd_s5646665_assignment2/share/drozd_s5646665_assignment2/resource
[1.011s] copying resource/beam_top_left.png -> /home/drozdja/Desktop/sofar2/sofar-crane-simulator-main/install/drozd_s5646665_assignment2/share/drozd_s5646665_assignment2/resource
[1.011s] copying resource/container.png -> /home/drozdja/Desktop/sofar2/sofar-crane-simulator-main/install/drozd_s5646665_assignment2/share/drozd_s5646665_assignment2/resource
[1.011s] copying resource/SOFAR-assign1-architecture.png -> /home/drozdja/Desktop/sofar2/sofar-crane-simulator-main/install/drozd_s5646665_assignment2/share/drozd_s5646665_assignment2/resource
[1.011s] creating /home/drozdja/Desktop/sofar2/sofar-crane-simulator-main/install/drozd_s5646665_assignment2/share/drozd_s5646665_assignment2/launch
[1.049s] Invoked command in '/home/drozdja/Desktop/sofar2/sofar-crane-simulator-main/build/drozd_s5646665_assignment2' returned '0': PYTHONPATH=/home/drozdja/Desktop/sofar2/sofar-crane-simulator-main/build/drozd_s5646665_assignment2/prefix_override:/home/drozdja/Desktop/sofar2/sofar-crane-simulator-main/install/drozd_s5646665_assignment2/lib/python3.10/site-packages: /usr/bin/python3 setup.py develop --editable --build-directory /home/drozdja/Desktop/sofar2/sofar-crane-simulator-main/build/drozd_s5646665_assignment2/build --no-deps install_data
