[0.768s] Invoking command in '/home/drozdja/Desktop/sofar2/sofar-crane-simulator-main/drozd_s5646665_assignment2': PYTHONPATH=/home/drozdja/Desktop/sofar2/sofar-crane-simulator-main/build/drozd_s5646665_assignment2/prefix_override:/home/drozdja/Desktop/sofar2/sofar-crane-simulator-main/install/drozd_s5646665_assignment2/lib/python3.10/site-packages:${PYTHONPATH} /usr/bin/python3 setup.py egg_info --egg-base ../build/drozd_s5646665_assignment2 build --build-base /home/drozdja/Desktop/sofar2/sofar-crane-simulator-main/build/drozd_s5646665_assignment2/build install --record /home/drozdja/Desktop/sofar2/sofar-crane-simulator-main/build/drozd_s5646665_assignment2/install.log --single-version-externally-managed
[1.057s] running egg_info
[1.058s] writing ../build/drozd_s5646665_assignment2/drozd_s5646665_assignment2.egg-info/PKG-INFO
[1.059s] writing dependency_links to ../build/drozd_s5646665_assignment2/drozd_s5646665_assignment2.egg-info/dependency_links.txt
[1.059s] writing entry points to ../build/drozd_s5646665_assignment2/drozd_s5646665_assignment2.egg-info/entry_points.txt
[1.059s] writing requirements to ../build/drozd_s5646665_assignment2/drozd_s5646665_assignment2.egg-info/requires.txt
[1.059s] writing top-level names to ../build/drozd_s5646665_assignment2/drozd_s5646665_assignment2.egg-info/top_level.txt
[1.063s] reading manifest file '../build/drozd_s5646665_assignment2/drozd_s5646665_assignment2.egg-info/SOURCES.txt'
[1.068s] writing manifest file '../build/drozd_s5646665_assignment2/drozd_s5646665_assignment2.egg-info/SOURCES.txt'
[1.069s] running build
[1.069s] running build_py
[1.069s] copying drozd_s5646665_assignment2/robot_logic_node.py -> /home/drozdja/Desktop/sofar2/sofar-crane-simulator-main/build/drozd_s5646665_assignment2/build/lib/drozd_s5646665_assignment2
[1.069s] copying drozd_s5646665_assignment2/motor_x_node.py -> /home/drozdja/Desktop/sofar2/sofar-crane-simulator-main/build/drozd_s5646665_assignment2/build/lib/drozd_s5646665_assignment2
[1.070s] copying drozd_s5646665_assignment2/motor_y_node.py -> /home/drozdja/Desktop/sofar2/sofar-crane-simulator-main/build/drozd_s5646665_assignment2/build/lib/drozd_s5646665_assignment2
[1.070s] copying drozd_s5646665_assignment2/lib/crane_sim.py -> /home/drozdja/Desktop/sofar2/sofar-crane-simulator-main/build/drozd_s5646665_assignment2/build/lib/drozd_s5646665_assignment2/lib
[1.071s] running install
[1.071s] /usr/lib/python3/dist-packages/setuptools/command/install.py:34: SetuptoolsDeprecationWarning: setup.py install is deprecated. Use build and pip and other standards-based tools.
[1.071s]   warnings.warn(
[1.071s] running install_lib
[1.073s] copying /home/drozdja/Desktop/sofar2/sofar-crane-simulator-main/build/drozd_s5646665_assignment2/build/lib/drozd_s5646665_assignment2/robot_logic_node.py -> /home/drozdja/Desktop/sofar2/sofar-crane-simulator-main/install/drozd_s5646665_assignment2/lib/python3.10/site-packages/drozd_s5646665_assignment2
[1.073s] copying /home/drozdja/Desktop/sofar2/sofar-crane-simulator-main/build/drozd_s5646665_assignment2/build/lib/drozd_s5646665_assignment2/motor_x_node.py -> /home/drozdja/Desktop/sofar2/sofar-crane-simulator-main/install/drozd_s5646665_assignment2/lib/python3.10/site-packages/drozd_s5646665_assignment2
[1.073s] copying /home/drozdja/Desktop/sofar2/sofar-crane-simulator-main/build/drozd_s5646665_assignment2/build/lib/drozd_s5646665_assignment2/lib/crane_sim.py -> /home/drozdja/Desktop/sofar2/sofar-crane-simulator-main/install/drozd_s5646665_assignment2/lib/python3.10/site-packages/drozd_s5646665_assignment2/lib
[1.074s] copying /home/drozdja/Desktop/sofar2/sofar-crane-simulator-main/build/drozd_s5646665_assignment2/build/lib/drozd_s5646665_assignment2/motor_y_node.py -> /home/drozdja/Desktop/sofar2/sofar-crane-simulator-main/install/drozd_s5646665_assignment2/lib/python3.10/site-packages/drozd_s5646665_assignment2
[1.074s] byte-compiling /home/drozdja/Desktop/sofar2/sofar-crane-simulator-main/install/drozd_s5646665_assignment2/lib/python3.10/site-packages/drozd_s5646665_assignment2/robot_logic_node.py to robot_logic_node.cpython-310.pyc
[1.075s] byte-compiling /home/drozdja/Desktop/sofar2/sofar-crane-simulator-main/install/drozd_s5646665_assignment2/lib/python3.10/site-packages/drozd_s5646665_assignment2/motor_x_node.py to motor_x_node.cpython-310.pyc
[1.076s] byte-compiling /home/drozdja/Desktop/sofar2/sofar-crane-simulator-main/install/drozd_s5646665_assignment2/lib/python3.10/site-packages/drozd_s5646665_assignment2/lib/crane_sim.py to crane_sim.cpython-310.pyc
[1.078s] byte-compiling /home/drozdja/Desktop/sofar2/sofar-crane-simulator-main/install/drozd_s5646665_assignment2/lib/python3.10/site-packages/drozd_s5646665_assignment2/motor_y_node.py to motor_y_node.cpython-310.pyc
[1.079s] running install_data
[1.080s] error: can't copy 'resource/drozd_s5646665_assignment2': doesn't exist or not a regular file
[1.104s] Invoked command in '/home/drozdja/Desktop/sofar2/sofar-crane-simulator-main/drozd_s5646665_assignment2' returned '1': PYTHONPATH=/home/drozdja/Desktop/sofar2/sofar-crane-simulator-main/build/drozd_s5646665_assignment2/prefix_override:/home/drozdja/Desktop/sofar2/sofar-crane-simulator-main/install/drozd_s5646665_assignment2/lib/python3.10/site-packages:${PYTHONPATH} /usr/bin/python3 setup.py egg_info --egg-base ../build/drozd_s5646665_assignment2 build --build-base /home/drozdja/Desktop/sofar2/sofar-crane-simulator-main/build/drozd_s5646665_assignment2/build install --record /home/drozdja/Desktop/sofar2/sofar-crane-simulator-main/build/drozd_s5646665_assignment2/install.log --single-version-externally-managed
