[0.381s] DEBUG:colcon:Command line arguments: ['/usr/bin/colcon', 'build', '--packages-select', 'drozd_s5646665_assignment2']
[0.381s] DEBUG:colcon:Parsed command line arguments: Namespace(log_base=None, log_level=None, verb_name='build', build_base='build', install_base='install', merge_install=False, symlink_install=False, test_result_base=None, continue_on_error=False, executor='parallel', parallel_workers=4, event_handlers=None, ignore_user_meta=False, metas=['./colcon.meta'], base_paths=['.'], packages_ignore=None, packages_ignore_regex=None, paths=None, packages_up_to=None, packages_up_to_regex=None, packages_above=None, packages_above_and_dependencies=None, packages_above_depth=None, packages_select_by_dep=None, packages_skip_by_dep=None, packages_skip_up_to=None, packages_select_build_failed=False, packages_skip_build_finished=False, packages_select_test_failures=False, packages_skip_test_passed=False, packages_select=['drozd_s5646665_assignment2'], packages_skip=None, packages_select_regex=None, packages_skip_regex=None, packages_start=None, packages_end=None, allow_overriding=[], cmake_args=None, cmake_target=None, cmake_target_skip_unavailable=False, cmake_clean_cache=False, cmake_clean_first=False, cmake_force_configure=False, ament_cmake_args=None, catkin_cmake_args=None, catkin_skip_building_tests=False, verb_parser=<colcon_defaults.argument_parser.defaults.DefaultArgumentsDecorator object at 0x7fb1ebfb6530>, verb_extension=<colcon_core.verb.build.BuildVerb object at 0x7fb1ec7f8af0>, main=<bound method BuildVerb.main of <colcon_core.verb.build.BuildVerb object at 0x7fb1ec7f8af0>>)
[0.424s] Level 1:colcon.colcon_core.package_discovery:discover_packages(colcon_meta) check parameters
[0.424s] Level 1:colcon.colcon_core.package_discovery:discover_packages(recursive) check parameters
[0.424s] Level 1:colcon.colcon_core.package_discovery:discover_packages(ignore) check parameters
[0.424s] Level 1:colcon.colcon_core.package_discovery:discover_packages(path) check parameters
[0.424s] Level 1:colcon.colcon_core.package_discovery:discover_packages(colcon_meta) discover
[0.424s] Level 1:colcon.colcon_core.package_discovery:discover_packages(recursive) discover
[0.424s] INFO:colcon.colcon_core.package_discovery:Crawling recursively for packages in '/home/drozdja/Desktop/sofar2/sofar-crane-simulator-main'
[0.424s] Level 1:colcon.colcon_core.package_identification:_identify(.) by extensions ['ignore', 'ignore_ament_install']
[0.424s] Level 1:colcon.colcon_core.package_identification:_identify(.) by extension 'ignore'
[0.425s] Level 1:colcon.colcon_core.package_identification:_identify(.) by extension 'ignore_ament_install'
[0.425s] Level 1:colcon.colcon_core.package_identification:_identify(.) by extensions ['colcon_pkg']
[0.425s] Level 1:colcon.colcon_core.package_identification:_identify(.) by extension 'colcon_pkg'
[0.425s] Level 1:colcon.colcon_core.package_identification:_identify(.) by extensions ['colcon_meta']
[0.425s] Level 1:colcon.colcon_core.package_identification:_identify(.) by extension 'colcon_meta'
[0.425s] Level 1:colcon.colcon_core.package_identification:_identify(.) by extensions ['ros']
[0.425s] Level 1:colcon.colcon_core.package_identification:_identify(.) by extension 'ros'
[0.439s] Level 1:colcon.colcon_core.package_identification:_identify(.) by extensions ['cmake', 'python']
[0.439s] Level 1:colcon.colcon_core.package_identification:_identify(.) by extension 'cmake'
[0.439s] Level 1:colcon.colcon_core.package_identification:_identify(.) by extension 'python'
[0.440s] Level 1:colcon.colcon_core.package_identification:_identify(.) by extensions ['python_setup_py']
[0.440s] Level 1:colcon.colcon_core.package_identification:_identify(.) by extension 'python_setup_py'
[0.440s] Level 1:colcon.colcon_core.package_identification:_identify(build) by extensions ['ignore', 'ignore_ament_install']
[0.440s] Level 1:colcon.colcon_core.package_identification:_identify(build) by extension 'ignore'
[0.440s] Level 1:colcon.colcon_core.package_identification:_identify(build) ignored
[0.440s] Level 1:colcon.colcon_core.package_identification:_identify(drozd_s5646665_assignment2) by extensions ['ignore', 'ignore_ament_install']
[0.440s] Level 1:colcon.colcon_core.package_identification:_identify(drozd_s5646665_assignment2) by extension 'ignore'
[0.440s] Level 1:colcon.colcon_core.package_identification:_identify(drozd_s5646665_assignment2) by extension 'ignore_ament_install'
[0.440s] Level 1:colcon.colcon_core.package_identification:_identify(drozd_s5646665_assignment2) by extensions ['colcon_pkg']
[0.440s] Level 1:colcon.colcon_core.package_identification:_identify(drozd_s5646665_assignment2) by extension 'colcon_pkg'
[0.440s] Level 1:colcon.colcon_core.package_identification:_identify(drozd_s5646665_assignment2) by extensions ['colcon_meta']
[0.440s] Level 1:colcon.colcon_core.package_identification:_identify(drozd_s5646665_assignment2) by extension 'colcon_meta'
[0.440s] Level 1:colcon.colcon_core.package_identification:_identify(drozd_s5646665_assignment2) by extensions ['ros']
[0.441s] Level 1:colcon.colcon_core.package_identification:_identify(drozd_s5646665_assignment2) by extension 'ros'
[0.443s] DEBUG:colcon.colcon_core.package_identification:Package 'drozd_s5646665_assignment2' with type 'ros.ament_python' and name 'drozd_s5646665_assignment2'
[0.443s] Level 1:colcon.colcon_core.package_identification:_identify(install) by extensions ['ignore', 'ignore_ament_install']
[0.443s] Level 1:colcon.colcon_core.package_identification:_identify(install) by extension 'ignore'
[0.444s] Level 1:colcon.colcon_core.package_identification:_identify(install) ignored
[0.444s] Level 1:colcon.colcon_core.package_identification:_identify(log) by extensions ['ignore', 'ignore_ament_install']
[0.444s] Level 1:colcon.colcon_core.package_identification:_identify(log) by extension 'ignore'
[0.444s] Level 1:colcon.colcon_core.package_identification:_identify(log) ignored
[0.444s] Level 1:colcon.colcon_core.package_discovery:discover_packages(recursive) using defaults
[0.444s] Level 1:colcon.colcon_core.package_discovery:discover_packages(ignore) discover
[0.444s] Level 1:colcon.colcon_core.package_discovery:discover_packages(ignore) using defaults
[0.444s] Level 1:colcon.colcon_core.package_discovery:discover_packages(path) discover
[0.444s] Level 1:colcon.colcon_core.package_discovery:discover_packages(path) using defaults
[0.472s] Level 1:colcon.colcon_core.package_discovery:discover_packages(prefix_path) check parameters
[0.472s] Level 1:colcon.colcon_core.package_discovery:discover_packages(prefix_path) discover
[0.477s] DEBUG:colcon.colcon_installed_package_information.package_discovery:Found 284 installed packages in /opt/ros/humble
[0.479s] Level 1:colcon.colcon_core.package_discovery:discover_packages(prefix_path) using defaults
[0.575s] Level 5:colcon.colcon_core.verb:set package 'drozd_s5646665_assignment2' build argument 'cmake_args' from command line to 'None'
[0.575s] Level 5:colcon.colcon_core.verb:set package 'drozd_s5646665_assignment2' build argument 'cmake_target' from command line to 'None'
[0.575s] Level 5:colcon.colcon_core.verb:set package 'drozd_s5646665_assignment2' build argument 'cmake_target_skip_unavailable' from command line to 'False'
[0.575s] Level 5:colcon.colcon_core.verb:set package 'drozd_s5646665_assignment2' build argument 'cmake_clean_cache' from command line to 'False'
[0.575s] Level 5:colcon.colcon_core.verb:set package 'drozd_s5646665_assignment2' build argument 'cmake_clean_first' from command line to 'False'
[0.575s] Level 5:colcon.colcon_core.verb:set package 'drozd_s5646665_assignment2' build argument 'cmake_force_configure' from command line to 'False'
[0.575s] Level 5:colcon.colcon_core.verb:set package 'drozd_s5646665_assignment2' build argument 'ament_cmake_args' from command line to 'None'
[0.575s] Level 5:colcon.colcon_core.verb:set package 'drozd_s5646665_assignment2' build argument 'catkin_cmake_args' from command line to 'None'
[0.575s] Level 5:colcon.colcon_core.verb:set package 'drozd_s5646665_assignment2' build argument 'catkin_skip_building_tests' from command line to 'False'
[0.575s] DEBUG:colcon.colcon_core.verb:Building package 'drozd_s5646665_assignment2' with the following arguments: {'ament_cmake_args': None, 'build_base': '/home/drozdja/Desktop/sofar2/sofar-crane-simulator-main/build/drozd_s5646665_assignment2', 'catkin_cmake_args': None, 'catkin_skip_building_tests': False, 'cmake_args': None, 'cmake_clean_cache': False, 'cmake_clean_first': False, 'cmake_force_configure': False, 'cmake_target': None, 'cmake_target_skip_unavailable': False, 'install_base': '/home/drozdja/Desktop/sofar2/sofar-crane-simulator-main/install/drozd_s5646665_assignment2', 'merge_install': False, 'path': '/home/drozdja/Desktop/sofar2/sofar-crane-simulator-main/drozd_s5646665_assignment2', 'symlink_install': False, 'test_result_base': None}
[0.576s] INFO:colcon.colcon_core.executor:Executing jobs using 'parallel' executor
[0.580s] DEBUG:colcon.colcon_parallel_executor.executor.parallel:run_until_complete
[0.580s] INFO:colcon.colcon_ros.task.ament_python.build:Building ROS package in '/home/drozdja/Desktop/sofar2/sofar-crane-simulator-main/drozd_s5646665_assignment2' with build type 'ament_python'
[0.580s] Level 1:colcon.colcon_core.shell:create_environment_hook('drozd_s5646665_assignment2', 'ament_prefix_path')
[0.587s] INFO:colcon.colcon_core.plugin_system:Skipping extension 'colcon_core.shell.bat': Not used on non-Windows systems
[0.588s] INFO:colcon.colcon_core.shell:Creating environment hook '/home/drozdja/Desktop/sofar2/sofar-crane-simulator-main/install/drozd_s5646665_assignment2/share/drozd_s5646665_assignment2/hook/ament_prefix_path.ps1'
[0.588s] INFO:colcon.colcon_core.shell:Creating environment descriptor '/home/drozdja/Desktop/sofar2/sofar-crane-simulator-main/install/drozd_s5646665_assignment2/share/drozd_s5646665_assignment2/hook/ament_prefix_path.dsv'
[0.589s] INFO:colcon.colcon_core.shell:Creating environment hook '/home/drozdja/Desktop/sofar2/sofar-crane-simulator-main/install/drozd_s5646665_assignment2/share/drozd_s5646665_assignment2/hook/ament_prefix_path.sh'
[0.592s] INFO:colcon.colcon_core.shell:Skip shell extension 'powershell' for command environment: Not usable outside of PowerShell
[0.592s] DEBUG:colcon.colcon_core.shell:Skip shell extension 'dsv' for command environment
[0.928s] INFO:colcon.colcon_core.task.python.build:Building Python package in '/home/drozdja/Desktop/sofar2/sofar-crane-simulator-main/drozd_s5646665_assignment2'
[0.929s] INFO:colcon.colcon_core.shell:Skip shell extension 'powershell' for command environment: Not usable outside of PowerShell
[0.929s] DEBUG:colcon.colcon_core.shell:Skip shell extension 'dsv' for command environment
[1.349s] DEBUG:colcon.colcon_core.event_handler.log_command:Invoking command in '/home/drozdja/Desktop/sofar2/sofar-crane-simulator-main/drozd_s5646665_assignment2': PYTHONPATH=/home/drozdja/Desktop/sofar2/sofar-crane-simulator-main/build/drozd_s5646665_assignment2/prefix_override:/home/drozdja/Desktop/sofar2/sofar-crane-simulator-main/install/drozd_s5646665_assignment2/lib/python3.10/site-packages:${PYTHONPATH} /usr/bin/python3 setup.py egg_info --egg-base ../build/drozd_s5646665_assignment2 build --build-base /home/drozdja/Desktop/sofar2/sofar-crane-simulator-main/build/drozd_s5646665_assignment2/build install --record /home/drozdja/Desktop/sofar2/sofar-crane-simulator-main/build/drozd_s5646665_assignment2/install.log --single-version-externally-managed
[1.685s] DEBUG:colcon.colcon_core.event_handler.log_command:Invoked command in '/home/drozdja/Desktop/sofar2/sofar-crane-simulator-main/drozd_s5646665_assignment2' returned '1': PYTHONPATH=/home/drozdja/Desktop/sofar2/sofar-crane-simulator-main/build/drozd_s5646665_assignment2/prefix_override:/home/drozdja/Desktop/sofar2/sofar-crane-simulator-main/install/drozd_s5646665_assignment2/lib/python3.10/site-packages:${PYTHONPATH} /usr/bin/python3 setup.py egg_info --egg-base ../build/drozd_s5646665_assignment2 build --build-base /home/drozdja/Desktop/sofar2/sofar-crane-simulator-main/build/drozd_s5646665_assignment2/build install --record /home/drozdja/Desktop/sofar2/sofar-crane-simulator-main/build/drozd_s5646665_assignment2/install.log --single-version-externally-managed
[1.695s] DEBUG:colcon.colcon_parallel_executor.executor.parallel:closing loop
[1.695s] DEBUG:colcon.colcon_parallel_executor.executor.parallel:loop closed
[1.695s] DEBUG:colcon.colcon_parallel_executor.executor.parallel:run_until_complete finished with '1'
[1.695s] DEBUG:colcon.colcon_core.event_reactor:joining thread
[1.704s] INFO:colcon.colcon_core.plugin_system:Skipping extension 'colcon_notification.desktop_notification.terminal_notifier': Not used on non-Darwin systems
[1.704s] INFO:colcon.colcon_core.plugin_system:Skipping extension 'colcon_notification.desktop_notification.win32': Not used on non-Windows systems
[1.704s] INFO:colcon.colcon_notification.desktop_notification:Sending desktop notification using 'notify2'
[1.721s] DEBUG:colcon.colcon_core.event_reactor:joined thread
[1.724s] INFO:colcon.colcon_core.shell:Creating prefix script '/home/drozdja/Desktop/sofar2/sofar-crane-simulator-main/install/local_setup.ps1'
[1.726s] INFO:colcon.colcon_core.shell:Creating prefix util module '/home/drozdja/Desktop/sofar2/sofar-crane-simulator-main/install/_local_setup_util_ps1.py'
[1.727s] INFO:colcon.colcon_core.shell:Creating prefix chain script '/home/drozdja/Desktop/sofar2/sofar-crane-simulator-main/install/setup.ps1'
[1.729s] INFO:colcon.colcon_core.shell:Creating prefix script '/home/drozdja/Desktop/sofar2/sofar-crane-simulator-main/install/local_setup.sh'
[1.729s] INFO:colcon.colcon_core.shell:Creating prefix util module '/home/drozdja/Desktop/sofar2/sofar-crane-simulator-main/install/_local_setup_util_sh.py'
[1.730s] INFO:colcon.colcon_core.shell:Creating prefix chain script '/home/drozdja/Desktop/sofar2/sofar-crane-simulator-main/install/setup.sh'
[1.733s] INFO:colcon.colcon_core.shell:Creating prefix script '/home/drozdja/Desktop/sofar2/sofar-crane-simulator-main/install/local_setup.bash'
[1.734s] INFO:colcon.colcon_core.shell:Creating prefix chain script '/home/drozdja/Desktop/sofar2/sofar-crane-simulator-main/install/setup.bash'
[1.735s] INFO:colcon.colcon_core.shell:Creating prefix script '/home/drozdja/Desktop/sofar2/sofar-crane-simulator-main/install/local_setup.zsh'
[1.737s] INFO:colcon.colcon_core.shell:Creating prefix chain script '/home/drozdja/Desktop/sofar2/sofar-crane-simulator-main/install/setup.zsh'
